[INFO] [2016-12-11 20:10:58][org.springframework.test.context.support.DefaultTestContextBootstrapper]Loaded default TestExecutionListener class names from location [META-INF/spring.factories]: [org.springframework.test.context.web.ServletTestExecutionListener, org.springframework.test.context.support.DirtiesContextBeforeModesTestExecutionListener, org.springframework.test.context.support.DependencyInjectionTestExecutionListener, org.springframework.test.context.support.DirtiesContextTestExecutionListener, org.springframework.test.context.transaction.TransactionalTestExecutionListener, org.springframework.test.context.jdbc.SqlScriptsTestExecutionListener]
  [INFO] [2016-12-11 20:10:58][org.springframework.test.context.support.DefaultTestContextBootstrapper]Using TestExecutionListeners: [org.springframework.test.context.web.ServletTestExecutionListener@46d56d67, org.springframework.test.context.support.DirtiesContextBeforeModesTestExecutionListener@d8355a8, org.springframework.test.context.support.DependencyInjectionTestExecutionListener@59fa1d9b, org.springframework.test.context.support.DirtiesContextTestExecutionListener@28d25987, org.springframework.test.context.transaction.TransactionalTestExecutionListener@4501b7af, org.springframework.test.context.jdbc.SqlScriptsTestExecutionListener@523884b2]
  [INFO] [2016-12-11 20:10:58][org.springframework.beans.factory.xml.XmlBeanDefinitionReader]Loading XML bean definitions from class path resource [spring-mybatis.xml]
  [INFO] [2016-12-11 20:10:58][org.springframework.context.support.GenericApplicationContext]Refreshing org.springframework.context.support.GenericApplicationContext@55d56113: startup date [Sun Dec 11 20:10:58 CST 2016]; root of context hierarchy
  [INFO] [2016-12-11 20:10:58][org.springframework.beans.factory.config.PropertyPlaceholderConfigurer]Loading properties file from class path resource [jdbc.properties]
  [INFO] [2016-12-11 20:10:58][org.springframework.beans.factory.annotation.AutowiredAnnotationBeanPostProcessor]JSR-330 'javax.inject.Inject' annotation found and supported for autowiring
  [INFO] [2016-12-11 20:10:59][com.test.TestMyBatis]值：李白
  [INFO] [2016-12-11 20:10:59][com.test.TestMyBatis]{"age":23,"id":1,"password":"123454","userName":"李白"}
  [INFO] [2016-12-11 20:10:59][org.springframework.context.support.GenericApplicationContext]Closing org.springframework.context.support.GenericApplicationContext@55d56113: startup date [Sun Dec 11 20:10:58 CST 2016]; root of context hierarchy
  [INFO] [2016-12-11 20:11:16][org.springframework.test.context.support.DefaultTestContextBootstrapper]Loaded default TestExecutionListener class names from location [META-INF/spring.factories]: [org.springframework.test.context.web.ServletTestExecutionListener, org.springframework.test.context.support.DirtiesContextBeforeModesTestExecutionListener, org.springframework.test.context.support.DependencyInjectionTestExecutionListener, org.springframework.test.context.support.DirtiesContextTestExecutionListener, org.springframework.test.context.transaction.TransactionalTestExecutionListener, org.springframework.test.context.jdbc.SqlScriptsTestExecutionListener]
  [INFO] [2016-12-11 20:11:16][org.springframework.test.context.support.DefaultTestContextBootstrapper]Using TestExecutionListeners: [org.springframework.test.context.web.ServletTestExecutionListener@46d56d67, org.springframework.test.context.support.DirtiesContextBeforeModesTestExecutionListener@d8355a8, org.springframework.test.context.support.DependencyInjectionTestExecutionListener@59fa1d9b, org.springframework.test.context.support.DirtiesContextTestExecutionListener@28d25987, org.springframework.test.context.transaction.TransactionalTestExecutionListener@4501b7af, org.springframework.test.context.jdbc.SqlScriptsTestExecutionListener@523884b2]
  [INFO] [2016-12-11 20:11:16][org.springframework.beans.factory.xml.XmlBeanDefinitionReader]Loading XML bean definitions from class path resource [spring-mybatis.xml]
  [INFO] [2016-12-11 20:11:16][org.springframework.context.support.GenericApplicationContext]Refreshing org.springframework.context.support.GenericApplicationContext@55d56113: startup date [Sun Dec 11 20:11:16 CST 2016]; root of context hierarchy
  [INFO] [2016-12-11 20:11:16][org.springframework.beans.factory.config.PropertyPlaceholderConfigurer]Loading properties file from class path resource [jdbc.properties]
  [INFO] [2016-12-11 20:11:16][org.springframework.beans.factory.annotation.AutowiredAnnotationBeanPostProcessor]JSR-330 'javax.inject.Inject' annotation found and supported for autowiring
  [INFO] [2016-12-11 20:11:17][com.test.TestMyBatis]值：杜甫
  [INFO] [2016-12-11 20:11:17][com.test.TestMyBatis]{"age":23,"id":2,"password":"234234","userName":"杜甫"}
  [INFO] [2016-12-11 20:11:17][org.springframework.context.support.GenericApplicationContext]Closing org.springframework.context.support.GenericApplicationContext@55d56113: startup date [Sun Dec 11 20:11:16 CST 2016]; root of context hierarchy
  [INFO] [2016-12-11 20:14:27][org.springframework.context.support.ClassPathXmlApplicationContext]Refreshing org.springframework.context.support.ClassPathXmlApplicationContext@5e025e70: startup date [Sun Dec 11 20:14:27 CST 2016]; root of context hierarchy
  [INFO] [2016-12-11 20:14:27][org.springframework.beans.factory.xml.XmlBeanDefinitionReader]Loading XML bean definitions from class path resource [spring-mybatis.xml]
  [INFO] [2016-12-11 20:14:27][org.springframework.beans.factory.config.PropertyPlaceholderConfigurer]Loading properties file from class path resource [jdbc.properties]
  [INFO] [2016-12-11 20:14:27][org.springframework.beans.factory.annotation.AutowiredAnnotationBeanPostProcessor]JSR-330 'javax.inject.Inject' annotation found and supported for autowiring
  [INFO] [2016-12-11 20:16:52][org.springframework.test.context.support.DefaultTestContextBootstrapper]Loaded default TestExecutionListener class names from location [META-INF/spring.factories]: [org.springframework.test.context.web.ServletTestExecutionListener, org.springframework.test.context.support.DirtiesContextBeforeModesTestExecutionListener, org.springframework.test.context.support.DependencyInjectionTestExecutionListener, org.springframework.test.context.support.DirtiesContextTestExecutionListener, org.springframework.test.context.transaction.TransactionalTestExecutionListener, org.springframework.test.context.jdbc.SqlScriptsTestExecutionListener]
  [INFO] [2016-12-11 20:16:52][org.springframework.test.context.support.DefaultTestContextBootstrapper]Using TestExecutionListeners: [org.springframework.test.context.web.ServletTestExecutionListener@46d56d67, org.springframework.test.context.support.DirtiesContextBeforeModesTestExecutionListener@d8355a8, org.springframework.test.context.support.DependencyInjectionTestExecutionListener@59fa1d9b, org.springframework.test.context.support.DirtiesContextTestExecutionListener@28d25987, org.springframework.test.context.transaction.TransactionalTestExecutionListener@4501b7af, org.springframework.test.context.jdbc.SqlScriptsTestExecutionListener@523884b2]
  [INFO] [2016-12-11 20:16:52][org.springframework.beans.factory.xml.XmlBeanDefinitionReader]Loading XML bean definitions from class path resource [spring-mybatis.xml]
  [INFO] [2016-12-11 20:16:52][org.springframework.context.support.GenericApplicationContext]Refreshing org.springframework.context.support.GenericApplicationContext@55d56113: startup date [Sun Dec 11 20:16:52 CST 2016]; root of context hierarchy
  [INFO] [2016-12-11 20:16:53][org.springframework.beans.factory.config.PropertyPlaceholderConfigurer]Loading properties file from class path resource [jdbc.properties]
  [INFO] [2016-12-11 20:16:53][org.springframework.beans.factory.annotation.AutowiredAnnotationBeanPostProcessor]JSR-330 'javax.inject.Inject' annotation found and supported for autowiring
  [INFO] [2016-12-11 20:16:53][com.test.TestMyBatis]count：1
  [INFO] [2016-12-11 20:16:53][org.springframework.context.support.GenericApplicationContext]Closing org.springframework.context.support.GenericApplicationContext@55d56113: startup date [Sun Dec 11 20:16:52 CST 2016]; root of context hierarchy
  [INFO] [2016-12-11 20:23:43][org.springframework.test.context.support.DefaultTestContextBootstrapper]Loaded default TestExecutionListener class names from location [META-INF/spring.factories]: [org.springframework.test.context.web.ServletTestExecutionListener, org.springframework.test.context.support.DirtiesContextBeforeModesTestExecutionListener, org.springframework.test.context.support.DependencyInjectionTestExecutionListener, org.springframework.test.context.support.DirtiesContextTestExecutionListener, org.springframework.test.context.transaction.TransactionalTestExecutionListener, org.springframework.test.context.jdbc.SqlScriptsTestExecutionListener]
  [INFO] [2016-12-11 20:23:43][org.springframework.test.context.support.DefaultTestContextBootstrapper]Using TestExecutionListeners: [org.springframework.test.context.web.ServletTestExecutionListener@46d56d67, org.springframework.test.context.support.DirtiesContextBeforeModesTestExecutionListener@d8355a8, org.springframework.test.context.support.DependencyInjectionTestExecutionListener@59fa1d9b, org.springframework.test.context.support.DirtiesContextTestExecutionListener@28d25987, org.springframework.test.context.transaction.TransactionalTestExecutionListener@4501b7af, org.springframework.test.context.jdbc.SqlScriptsTestExecutionListener@523884b2]
  [INFO] [2016-12-11 20:23:43][org.springframework.beans.factory.xml.XmlBeanDefinitionReader]Loading XML bean definitions from class path resource [spring-mybatis.xml]
  [INFO] [2016-12-11 20:23:43][org.springframework.context.support.GenericApplicationContext]Refreshing org.springframework.context.support.GenericApplicationContext@55d56113: startup date [Sun Dec 11 20:23:43 CST 2016]; root of context hierarchy
  [INFO] [2016-12-11 20:23:43][org.springframework.beans.factory.config.PropertyPlaceholderConfigurer]Loading properties file from class path resource [jdbc.properties]
  [INFO] [2016-12-11 20:23:43][org.springframework.beans.factory.annotation.AutowiredAnnotationBeanPostProcessor]JSR-330 'javax.inject.Inject' annotation found and supported for autowiring
  [INFO] [2016-12-11 20:23:44][com.test.TestMyBatis]值：杜甫
  [INFO] [2016-12-11 20:23:44][com.test.TestMyBatis]{"age":23,"id":2,"password":"234234","userName":"杜甫"}
  [INFO] [2016-12-11 20:23:44][org.springframework.context.support.GenericApplicationContext]Closing org.springframework.context.support.GenericApplicationContext@55d56113: startup date [Sun Dec 11 20:23:43 CST 2016]; root of context hierarchy
  